{"D:\\Kursus_IT\\Sanbercode\\repo-tugas\\tugas-testing\\src\\index.ts": {"path":"D:\\Kursus_IT\\Sanbercode\\repo-tugas\\tugas-testing\\src\\index.ts","statementMap":{"0":{"start":{"line":1,"column":0},"end":{"line":1,"column":30}},"1":{"start":{"line":2,"column":0},"end":{"line":2,"column":34}},"2":{"start":{"line":3,"column":0},"end":{"line":3,"column":34}},"3":{"start":{"line":4,"column":0},"end":{"line":4,"column":37}},"4":{"start":{"line":6,"column":13},"end":{"line":6,"column":17}},"5":{"start":{"line":9,"column":2},"end":{"line":26,"column":3}},"6":{"start":{"line":10,"column":4},"end":{"line":10,"column":15}},"7":{"start":{"line":12,"column":16},"end":{"line":12,"column":25}},"8":{"start":{"line":14,"column":4},"end":{"line":14,"column":31}},"9":{"start":{"line":15,"column":4},"end":{"line":15,"column":55}},"10":{"start":{"line":17,"column":4},"end":{"line":17,"column":28}},"11":{"start":{"line":21,"column":4},"end":{"line":23,"column":7}},"12":{"start":{"line":22,"column":6},"end":{"line":22,"column":67}},"13":{"start":{"line":25,"column":4},"end":{"line":25,"column":23}},"14":{"start":{"line":29,"column":0},"end":{"line":29,"column":7}}},"fnMap":{"0":{"name":"init","decl":{"start":{"line":8,"column":15},"end":{"line":8,"column":19}},"loc":{"start":{"line":8,"column":19},"end":{"line":27,"column":null}}},"1":{"name":"(anonymous_10)","decl":{"start":{"line":21,"column":21},"end":{"line":21,"column":24}},"loc":{"start":{"line":21,"column":26},"end":{"line":23,"column":5}}}},"branchMap":{},"s":{"0":0,"1":0,"2":0,"3":0,"4":0,"5":0,"6":0,"7":0,"8":0,"9":0,"10":0,"11":0,"12":0,"13":0,"14":0},"f":{"0":0,"1":0},"b":{}}
,"D:\\Kursus_IT\\Sanbercode\\repo-tugas\\tugas-testing\\src\\controllers\\auth.controller.ts": {"path":"D:\\Kursus_IT\\Sanbercode\\repo-tugas\\tugas-testing\\src\\controllers\\auth.controller.ts","statementMap":{"0":{"start":{"line":3,"column":0},"end":{"line":3,"column":55}},"1":{"start":{"line":6,"column":0},"end":{"line":6,"column":27}},"2":{"start":{"line":7,"column":0},"end":{"line":7,"column":74}},"3":{"start":{"line":10,"column":23},"end":{"line":20,"column":4}},"4":{"start":{"line":22,"column":22},"end":{"line":25,"column":4}},"5":{"start":{"line":38,"column":0},"end":{"line":136,"column":4}},"6":{"start":{"line":41,"column":6},"end":{"line":55,"column":7}},"7":{"start":{"line":42,"column":36},"end":{"line":42,"column":44}},"8":{"start":{"line":43,"column":8},"end":{"line":43,"column":56}},"9":{"start":{"line":44,"column":22},"end":{"line":44,"column":54}},"10":{"start":{"line":45,"column":8},"end":{"line":48,"column":11}},"11":{"start":{"line":50,"column":20},"end":{"line":50,"column":34}},"12":{"start":{"line":51,"column":8},"end":{"line":54,"column":11}},"13":{"start":{"line":59,"column":6},"end":{"line":90,"column":7}},"14":{"start":{"line":61,"column":10},"end":{"line":61,"column":18}},"15":{"start":{"line":63,"column":8},"end":{"line":70,"column":11}},"16":{"start":{"line":72,"column":21},"end":{"line":78,"column":10}},"17":{"start":{"line":80,"column":8},"end":{"line":83,"column":11}},"18":{"start":{"line":85,"column":20},"end":{"line":85,"column":34}},"19":{"start":{"line":86,"column":8},"end":{"line":89,"column":11}},"20":{"start":{"line":94,"column":6},"end":{"line":114,"column":7}},"21":{"start":{"line":95,"column":19},"end":{"line":95,"column":31}},"22":{"start":{"line":96,"column":21},"end":{"line":96,"column":49}},"23":{"start":{"line":97,"column":8},"end":{"line":102,"column":9}},"24":{"start":{"line":98,"column":10},"end":{"line":101,"column":13}},"25":{"start":{"line":104,"column":8},"end":{"line":107,"column":11}},"26":{"start":{"line":109,"column":20},"end":{"line":109,"column":34}},"27":{"start":{"line":110,"column":8},"end":{"line":113,"column":11}},"28":{"start":{"line":118,"column":6},"end":{"line":134,"column":7}},"29":{"start":{"line":119,"column":19},"end":{"line":119,"column":31}},"30":{"start":{"line":120,"column":23},"end":{"line":122,"column":null}},"31":{"start":{"line":124,"column":8},"end":{"line":127,"column":11}},"32":{"start":{"line":129,"column":20},"end":{"line":129,"column":34}},"33":{"start":{"line":130,"column":8},"end":{"line":133,"column":11}}},"fnMap":{"0":{"name":"(anonymous_14)","decl":{"start":{"line":39,"column":10},"end":{"line":39,"column":15}},"loc":{"start":{"line":39,"column":49},"end":{"line":56,"column":null}}},"1":{"name":"(anonymous_16)","decl":{"start":{"line":57,"column":10},"end":{"line":57,"column":18}},"loc":{"start":{"line":57,"column":55},"end":{"line":91,"column":null}}},"2":{"name":"(anonymous_18)","decl":{"start":{"line":92,"column":10},"end":{"line":92,"column":12}},"loc":{"start":{"line":92,"column":49},"end":{"line":115,"column":null}}},"3":{"name":"(anonymous_20)","decl":{"start":{"line":116,"column":10},"end":{"line":116,"column":17}},"loc":{"start":{"line":116,"column":54},"end":{"line":135,"column":null}}}},"branchMap":{"0":{"loc":{"start":{"line":95,"column":19},"end":{"line":95,"column":31}},"type":"cond-expr","locations":[{"start":{"line":95,"column":27},"end":{"line":95,"column":29}},{"start":{"line":95,"column":27},"end":{"line":95,"column":31}}]},"1":{"loc":{"start":{"line":95,"column":19},"end":{"line":95,"column":29}},"type":"binary-expr","locations":[{"start":{"line":95,"column":19},"end":{"line":95,"column":29}},{"start":{"line":95,"column":27},"end":{"line":95,"column":29}}]},"2":{"loc":{"start":{"line":97,"column":8},"end":{"line":102,"column":9}},"type":"if","locations":[{"start":{"line":97,"column":8},"end":{"line":102,"column":9}}]},"3":{"loc":{"start":{"line":119,"column":19},"end":{"line":119,"column":31}},"type":"cond-expr","locations":[{"start":{"line":119,"column":27},"end":{"line":119,"column":29}},{"start":{"line":119,"column":27},"end":{"line":119,"column":31}}]},"4":{"loc":{"start":{"line":119,"column":19},"end":{"line":119,"column":29}},"type":"binary-expr","locations":[{"start":{"line":119,"column":19},"end":{"line":119,"column":29}},{"start":{"line":119,"column":27},"end":{"line":119,"column":29}}]}},"s":{"0":0,"1":0,"2":0,"3":0,"4":0,"5":0,"6":0,"7":0,"8":0,"9":0,"10":0,"11":0,"12":0,"13":0,"14":0,"15":0,"16":0,"17":0,"18":0,"19":0,"20":0,"21":0,"22":0,"23":0,"24":0,"25":0,"26":0,"27":0,"28":0,"29":0,"30":0,"31":0,"32":0,"33":0},"f":{"0":0,"1":0,"2":0,"3":0},"b":{"0":[0,0],"1":[0,0],"2":[0],"3":[0,0],"4":[0,0]}}
,"D:\\Kursus_IT\\Sanbercode\\repo-tugas\\tugas-testing\\src\\controllers\\categories.controller.ts": {"path":"D:\\Kursus_IT\\Sanbercode\\repo-tugas\\tugas-testing\\src\\controllers\\categories.controller.ts","statementMap":{"0":{"start":{"line":2,"column":0},"end":{"line":2,"column":null}},"1":{"start":{"line":10,"column":0},"end":{"line":89,"column":2}},"2":{"start":{"line":12,"column":4},"end":{"line":24,"column":5}},"3":{"start":{"line":13,"column":21},"end":{"line":13,"column":43}},"4":{"start":{"line":14,"column":6},"end":{"line":17,"column":9}},"5":{"start":{"line":19,"column":18},"end":{"line":19,"column":32}},"6":{"start":{"line":20,"column":6},"end":{"line":23,"column":9}},"7":{"start":{"line":27,"column":4},"end":{"line":39,"column":5}},"8":{"start":{"line":28,"column":21},"end":{"line":28,"column":36}},"9":{"start":{"line":29,"column":6},"end":{"line":32,"column":9}},"10":{"start":{"line":34,"column":18},"end":{"line":34,"column":32}},"11":{"start":{"line":35,"column":6},"end":{"line":38,"column":9}},"12":{"start":{"line":42,"column":4},"end":{"line":55,"column":5}},"13":{"start":{"line":43,"column":21},"end":{"line":43,"column":50}},"14":{"start":{"line":45,"column":6},"end":{"line":48,"column":9}},"15":{"start":{"line":50,"column":18},"end":{"line":50,"column":32}},"16":{"start":{"line":51,"column":6},"end":{"line":54,"column":9}},"17":{"start":{"line":58,"column":4},"end":{"line":71,"column":5}},"18":{"start":{"line":59,"column":21},"end":{"line":59,"column":59}},"19":{"start":{"line":61,"column":6},"end":{"line":64,"column":9}},"20":{"start":{"line":66,"column":18},"end":{"line":66,"column":32}},"21":{"start":{"line":67,"column":6},"end":{"line":70,"column":9}},"22":{"start":{"line":74,"column":4},"end":{"line":87,"column":5}},"23":{"start":{"line":75,"column":21},"end":{"line":75,"column":49}},"24":{"start":{"line":77,"column":6},"end":{"line":80,"column":9}},"25":{"start":{"line":82,"column":18},"end":{"line":82,"column":32}},"26":{"start":{"line":83,"column":6},"end":{"line":86,"column":9}}},"fnMap":{"0":{"name":"(anonymous_7)","decl":{"start":{"line":11,"column":8},"end":{"line":11,"column":14}},"loc":{"start":{"line":11,"column":42},"end":{"line":25,"column":null}}},"1":{"name":"(anonymous_9)","decl":{"start":{"line":26,"column":8},"end":{"line":26,"column":15}},"loc":{"start":{"line":26,"column":43},"end":{"line":40,"column":null}}},"2":{"name":"(anonymous_11)","decl":{"start":{"line":41,"column":8},"end":{"line":41,"column":15}},"loc":{"start":{"line":41,"column":43},"end":{"line":56,"column":null}}},"3":{"name":"(anonymous_13)","decl":{"start":{"line":57,"column":8},"end":{"line":57,"column":14}},"loc":{"start":{"line":57,"column":42},"end":{"line":72,"column":null}}},"4":{"name":"(anonymous_15)","decl":{"start":{"line":73,"column":8},"end":{"line":73,"column":14}},"loc":{"start":{"line":73,"column":42},"end":{"line":88,"column":null}}}},"branchMap":{"0":{"loc":{"start":{"line":43,"column":35},"end":{"line":43,"column":49}},"type":"cond-expr","locations":[{"start":{"line":43,"column":45},"end":{"line":43,"column":47}},{"start":{"line":43,"column":45},"end":{"line":43,"column":49}}]},"1":{"loc":{"start":{"line":43,"column":35},"end":{"line":43,"column":47}},"type":"binary-expr","locations":[{"start":{"line":43,"column":35},"end":{"line":43,"column":47}},{"start":{"line":43,"column":45},"end":{"line":43,"column":47}}]},"2":{"loc":{"start":{"line":59,"column":34},"end":{"line":59,"column":48}},"type":"cond-expr","locations":[{"start":{"line":59,"column":44},"end":{"line":59,"column":46}},{"start":{"line":59,"column":44},"end":{"line":59,"column":48}}]},"3":{"loc":{"start":{"line":59,"column":34},"end":{"line":59,"column":46}},"type":"binary-expr","locations":[{"start":{"line":59,"column":34},"end":{"line":59,"column":46}},{"start":{"line":59,"column":44},"end":{"line":59,"column":46}}]},"4":{"loc":{"start":{"line":75,"column":34},"end":{"line":75,"column":48}},"type":"cond-expr","locations":[{"start":{"line":75,"column":44},"end":{"line":75,"column":46}},{"start":{"line":75,"column":44},"end":{"line":75,"column":48}}]},"5":{"loc":{"start":{"line":75,"column":34},"end":{"line":75,"column":46}},"type":"binary-expr","locations":[{"start":{"line":75,"column":34},"end":{"line":75,"column":46}},{"start":{"line":75,"column":44},"end":{"line":75,"column":46}}]}},"s":{"0":0,"1":0,"2":0,"3":0,"4":0,"5":0,"6":0,"7":0,"8":0,"9":0,"10":0,"11":0,"12":0,"13":0,"14":0,"15":0,"16":0,"17":0,"18":0,"19":0,"20":0,"21":0,"22":0,"23":0,"24":0,"25":0,"26":0},"f":{"0":0,"1":0,"2":0,"3":0,"4":0},"b":{"0":[0,0],"1":[0,0],"2":[0,0],"3":[0,0],"4":[0,0],"5":[0,0]}}
,"D:\\Kursus_IT\\Sanbercode\\repo-tugas\\tugas-testing\\src\\controllers\\products.controller.ts": {"path":"D:\\Kursus_IT\\Sanbercode\\repo-tugas\\tugas-testing\\src\\controllers\\products.controller.ts","statementMap":{"0":{"start":{"line":6,"column":0},"end":{"line":6,"column":null}},"1":{"start":{"line":14,"column":0},"end":{"line":93,"column":2}},"2":{"start":{"line":16,"column":4},"end":{"line":28,"column":5}},"3":{"start":{"line":17,"column":21},"end":{"line":17,"column":43}},"4":{"start":{"line":18,"column":6},"end":{"line":21,"column":9}},"5":{"start":{"line":23,"column":18},"end":{"line":23,"column":32}},"6":{"start":{"line":24,"column":6},"end":{"line":27,"column":9}},"7":{"start":{"line":31,"column":4},"end":{"line":43,"column":5}},"8":{"start":{"line":32,"column":21},"end":{"line":32,"column":36}},"9":{"start":{"line":33,"column":6},"end":{"line":36,"column":9}},"10":{"start":{"line":38,"column":18},"end":{"line":38,"column":32}},"11":{"start":{"line":39,"column":6},"end":{"line":42,"column":9}},"12":{"start":{"line":46,"column":4},"end":{"line":59,"column":5}},"13":{"start":{"line":47,"column":21},"end":{"line":47,"column":50}},"14":{"start":{"line":49,"column":6},"end":{"line":52,"column":9}},"15":{"start":{"line":54,"column":18},"end":{"line":54,"column":32}},"16":{"start":{"line":55,"column":6},"end":{"line":58,"column":9}},"17":{"start":{"line":62,"column":4},"end":{"line":75,"column":5}},"18":{"start":{"line":63,"column":21},"end":{"line":63,"column":59}},"19":{"start":{"line":65,"column":6},"end":{"line":68,"column":9}},"20":{"start":{"line":70,"column":18},"end":{"line":70,"column":32}},"21":{"start":{"line":71,"column":6},"end":{"line":74,"column":9}},"22":{"start":{"line":78,"column":4},"end":{"line":91,"column":5}},"23":{"start":{"line":79,"column":21},"end":{"line":79,"column":49}},"24":{"start":{"line":81,"column":6},"end":{"line":84,"column":9}},"25":{"start":{"line":86,"column":18},"end":{"line":86,"column":32}},"26":{"start":{"line":87,"column":6},"end":{"line":90,"column":9}}},"fnMap":{"0":{"name":"(anonymous_7)","decl":{"start":{"line":15,"column":8},"end":{"line":15,"column":14}},"loc":{"start":{"line":15,"column":42},"end":{"line":29,"column":null}}},"1":{"name":"(anonymous_9)","decl":{"start":{"line":30,"column":8},"end":{"line":30,"column":15}},"loc":{"start":{"line":30,"column":43},"end":{"line":44,"column":null}}},"2":{"name":"(anonymous_11)","decl":{"start":{"line":45,"column":8},"end":{"line":45,"column":15}},"loc":{"start":{"line":45,"column":43},"end":{"line":60,"column":null}}},"3":{"name":"(anonymous_13)","decl":{"start":{"line":61,"column":8},"end":{"line":61,"column":14}},"loc":{"start":{"line":61,"column":42},"end":{"line":76,"column":null}}},"4":{"name":"(anonymous_15)","decl":{"start":{"line":77,"column":8},"end":{"line":77,"column":14}},"loc":{"start":{"line":77,"column":42},"end":{"line":92,"column":null}}}},"branchMap":{"0":{"loc":{"start":{"line":47,"column":35},"end":{"line":47,"column":49}},"type":"cond-expr","locations":[{"start":{"line":47,"column":45},"end":{"line":47,"column":47}},{"start":{"line":47,"column":45},"end":{"line":47,"column":49}}]},"1":{"loc":{"start":{"line":47,"column":35},"end":{"line":47,"column":47}},"type":"binary-expr","locations":[{"start":{"line":47,"column":35},"end":{"line":47,"column":47}},{"start":{"line":47,"column":45},"end":{"line":47,"column":47}}]},"2":{"loc":{"start":{"line":63,"column":34},"end":{"line":63,"column":48}},"type":"cond-expr","locations":[{"start":{"line":63,"column":44},"end":{"line":63,"column":46}},{"start":{"line":63,"column":44},"end":{"line":63,"column":48}}]},"3":{"loc":{"start":{"line":63,"column":34},"end":{"line":63,"column":46}},"type":"binary-expr","locations":[{"start":{"line":63,"column":34},"end":{"line":63,"column":46}},{"start":{"line":63,"column":44},"end":{"line":63,"column":46}}]},"4":{"loc":{"start":{"line":79,"column":34},"end":{"line":79,"column":48}},"type":"cond-expr","locations":[{"start":{"line":79,"column":44},"end":{"line":79,"column":46}},{"start":{"line":79,"column":44},"end":{"line":79,"column":48}}]},"5":{"loc":{"start":{"line":79,"column":34},"end":{"line":79,"column":46}},"type":"binary-expr","locations":[{"start":{"line":79,"column":34},"end":{"line":79,"column":46}},{"start":{"line":79,"column":44},"end":{"line":79,"column":46}}]}},"s":{"0":0,"1":0,"2":0,"3":0,"4":0,"5":0,"6":0,"7":0,"8":0,"9":0,"10":0,"11":0,"12":0,"13":0,"14":0,"15":0,"16":0,"17":0,"18":0,"19":0,"20":0,"21":0,"22":0,"23":0,"24":0,"25":0,"26":0},"f":{"0":0,"1":0,"2":0,"3":0,"4":0},"b":{"0":[0,0],"1":[0,0],"2":[0,0],"3":[0,0],"4":[0,0],"5":[0,0]}}
,"D:\\Kursus_IT\\Sanbercode\\repo-tugas\\tugas-testing\\src\\controllers\\upload.controller.ts": {"path":"D:\\Kursus_IT\\Sanbercode\\repo-tugas\\tugas-testing\\src\\controllers\\upload.controller.ts","statementMap":{"0":{"start":{"line":2,"column":0},"end":{"line":2,"column":44}},"1":{"start":{"line":3,"column":0},"end":{"line":3,"column":51}},"2":{"start":{"line":5,"column":0},"end":{"line":50,"column":2}},"3":{"start":{"line":7,"column":4},"end":{"line":12,"column":5}},"4":{"start":{"line":8,"column":6},"end":{"line":11,"column":9}},"5":{"start":{"line":13,"column":20},"end":{"line":13,"column":39}},"6":{"start":{"line":15,"column":4},"end":{"line":23,"column":5}},"7":{"start":{"line":16,"column":21},"end":{"line":16,"column":48}},"8":{"start":{"line":17,"column":6},"end":{"line":17,"column":71}},"9":{"start":{"line":19,"column":19},"end":{"line":19,"column":33}},"10":{"start":{"line":20,"column":6},"end":{"line":22,"column":71}},"11":{"start":{"line":26,"column":4},"end":{"line":31,"column":5}},"12":{"start":{"line":27,"column":6},"end":{"line":30,"column":9}},"13":{"start":{"line":32,"column":18},"end":{"line":32,"column":52}},"14":{"start":{"line":34,"column":21},"end":{"line":36,"column":24}},"15":{"start":{"line":35,"column":43},"end":{"line":35,"column":58}},"16":{"start":{"line":38,"column":4},"end":{"line":46,"column":5}},"17":{"start":{"line":39,"column":22},"end":{"line":39,"column":49}},"18":{"start":{"line":40,"column":6},"end":{"line":40,"column":73}},"19":{"start":{"line":42,"column":19},"end":{"line":42,"column":33}},"20":{"start":{"line":43,"column":6},"end":{"line":45,"column":72}},"21":{"start":{"line":48,"column":4},"end":{"line":48,"column":69}}},"fnMap":{"0":{"name":"(anonymous_7)","decl":{"start":{"line":6,"column":8},"end":{"line":6,"column":14}},"loc":{"start":{"line":6,"column":42},"end":{"line":24,"column":null}}},"1":{"name":"(anonymous_9)","decl":{"start":{"line":25,"column":8},"end":{"line":25,"column":16}},"loc":{"start":{"line":25,"column":44},"end":{"line":49,"column":null}}},"2":{"name":"(anonymous_11)","decl":{"start":{"line":35,"column":12},"end":{"line":35,"column":13}},"loc":{"start":{"line":35,"column":43},"end":{"line":35,"column":58}}}},"branchMap":{"0":{"loc":{"start":{"line":7,"column":4},"end":{"line":12,"column":5}},"type":"if","locations":[{"start":{"line":7,"column":4},"end":{"line":12,"column":5}}]},"1":{"loc":{"start":{"line":7,"column":8},"end":{"line":7,"column":17}},"type":"cond-expr","locations":[{"start":{"line":7,"column":11},"end":{"line":7,"column":13}},{"start":{"line":7,"column":8},"end":{"line":7,"column":17}}]},"2":{"loc":{"start":{"line":7,"column":8},"end":{"line":7,"column":13}},"type":"binary-expr","locations":[{"start":{"line":7,"column":8},"end":{"line":7,"column":13}},{"start":{"line":7,"column":8},"end":{"line":7,"column":13}}]},"3":{"loc":{"start":{"line":26,"column":4},"end":{"line":31,"column":5}},"type":"if","locations":[{"start":{"line":26,"column":4},"end":{"line":31,"column":5}}]},"4":{"loc":{"start":{"line":26,"column":8},"end":{"line":26,"column":58}},"type":"binary-expr","locations":[{"start":{"line":26,"column":8},"end":{"line":26,"column":31}},{"start":{"line":26,"column":35},"end":{"line":26,"column":58}}]},"5":{"loc":{"start":{"line":26,"column":35},"end":{"line":26,"column":52}},"type":"cond-expr","locations":[{"start":{"line":26,"column":44},"end":{"line":26,"column":46}},{"start":{"line":26,"column":44},"end":{"line":26,"column":52}}]},"6":{"loc":{"start":{"line":26,"column":35},"end":{"line":26,"column":46}},"type":"binary-expr","locations":[{"start":{"line":26,"column":35},"end":{"line":26,"column":46}},{"start":{"line":26,"column":44},"end":{"line":26,"column":46}}]},"7":{"loc":{"start":{"line":34,"column":21},"end":{"line":36,"column":24}},"type":"cond-expr","locations":[{"start":{"line":34,"column":26},"end":{"line":34,"column":null}},{"start":{"line":34,"column":21},"end":{"line":36,"column":24}}]},"8":{"loc":{"start":{"line":34,"column":21},"end":{"line":34,"column":null}},"type":"binary-expr","locations":[{"start":{"line":34,"column":21},"end":{"line":34,"column":null}},{"start":{"line":34,"column":21},"end":{"line":34,"column":null}}]}},"s":{"0":0,"1":0,"2":0,"3":0,"4":0,"5":0,"6":0,"7":0,"8":0,"9":0,"10":0,"11":0,"12":0,"13":0,"14":0,"15":0,"16":0,"17":0,"18":0,"19":0,"20":0,"21":0},"f":{"0":0,"1":0,"2":0},"b":{"0":[0],"1":[0,0],"2":[0,0],"3":[0],"4":[0,0],"5":[0,0],"6":[0,0],"7":[0,0],"8":[0,0]}}
,"D:\\Kursus_IT\\Sanbercode\\repo-tugas\\tugas-testing\\src\\middlewares\\auth.middleware.ts": {"path":"D:\\Kursus_IT\\Sanbercode\\repo-tugas\\tugas-testing\\src\\middlewares\\auth.middleware.ts","statementMap":{"0":{"start":{"line":2,"column":0},"end":{"line":2,"column":55}},"1":{"start":{"line":8,"column":0},"end":{"line":39,"column":2}},"2":{"start":{"line":9,"column":24},"end":{"line":9,"column":50}},"3":{"start":{"line":11,"column":2},"end":{"line":16,"column":3}},"4":{"start":{"line":12,"column":4},"end":{"line":15,"column":7}},"5":{"start":{"line":18,"column":26},"end":{"line":18,"column":50}},"6":{"start":{"line":20,"column":2},"end":{"line":25,"column":3}},"7":{"start":{"line":21,"column":4},"end":{"line":24,"column":7}},"8":{"start":{"line":27,"column":15},"end":{"line":27,"column":33}},"9":{"start":{"line":29,"column":2},"end":{"line":34,"column":3}},"10":{"start":{"line":30,"column":4},"end":{"line":33,"column":7}},"11":{"start":{"line":36,"column":3},"end":{"line":36,"column":40}},"12":{"start":{"line":38,"column":2},"end":{"line":38,"column":9}}},"fnMap":{"0":{"name":"(anonymous_0)","decl":{"start":{"line":8,"column":15},"end":{"line":8,"column":16}},"loc":{"start":{"line":8,"column":67},"end":{"line":39,"column":1}}}},"branchMap":{"0":{"loc":{"start":{"line":9,"column":24},"end":{"line":9,"column":50}},"type":"cond-expr","locations":[{"start":{"line":9,"column":35},"end":{"line":9,"column":37}},{"start":{"line":9,"column":35},"end":{"line":9,"column":50}}]},"1":{"loc":{"start":{"line":9,"column":24},"end":{"line":9,"column":37}},"type":"binary-expr","locations":[{"start":{"line":9,"column":24},"end":{"line":9,"column":37}},{"start":{"line":9,"column":35},"end":{"line":9,"column":37}}]},"2":{"loc":{"start":{"line":11,"column":2},"end":{"line":16,"column":3}},"type":"if","locations":[{"start":{"line":11,"column":2},"end":{"line":16,"column":3}}]},"3":{"loc":{"start":{"line":20,"column":2},"end":{"line":25,"column":3}},"type":"if","locations":[{"start":{"line":20,"column":2},"end":{"line":25,"column":3}}]},"4":{"loc":{"start":{"line":20,"column":8},"end":{"line":20,"column":36}},"type":"binary-expr","locations":[{"start":{"line":20,"column":8},"end":{"line":20,"column":27}},{"start":{"line":20,"column":31},"end":{"line":20,"column":36}}]},"5":{"loc":{"start":{"line":29,"column":2},"end":{"line":34,"column":3}},"type":"if","locations":[{"start":{"line":29,"column":2},"end":{"line":34,"column":3}}]}},"s":{"0":0,"1":0,"2":0,"3":0,"4":0,"5":0,"6":0,"7":0,"8":0,"9":0,"10":0,"11":0,"12":0},"f":{"0":0},"b":{"0":[0,0],"1":[0,0],"2":[0],"3":[0],"4":[0,0],"5":[0]}}
,"D:\\Kursus_IT\\Sanbercode\\repo-tugas\\tugas-testing\\src\\middlewares\\rbac.middleware.ts": {"path":"D:\\Kursus_IT\\Sanbercode\\repo-tugas\\tugas-testing\\src\\middlewares\\rbac.middleware.ts","statementMap":{"0":{"start":{"line":4,"column":0},"end":{"line":15,"column":4}},"1":{"start":{"line":5,"column":2},"end":{"line":15,"column":3}},"2":{"start":{"line":6,"column":22},"end":{"line":6,"column":37}},"3":{"start":{"line":8,"column":4},"end":{"line":12,"column":5}},"4":{"start":{"line":8,"column":52},"end":{"line":8,"column":77}},"5":{"start":{"line":9,"column":6},"end":{"line":11,"column":9}},"6":{"start":{"line":14,"column":4},"end":{"line":14,"column":11}}},"fnMap":{"0":{"name":"(anonymous_0)","decl":{"start":{"line":4,"column":15},"end":{"line":4,"column":16}},"loc":{"start":{"line":5,"column":2},"end":{"line":15,"column":3}}},"1":{"name":"(anonymous_1)","decl":{"start":{"line":5,"column":2},"end":{"line":5,"column":3}},"loc":{"start":{"line":5,"column":63},"end":{"line":15,"column":3}}},"2":{"name":"(anonymous_2)","decl":{"start":{"line":8,"column":38},"end":{"line":8,"column":39}},"loc":{"start":{"line":8,"column":52},"end":{"line":8,"column":77}}}},"branchMap":{"0":{"loc":{"start":{"line":6,"column":22},"end":{"line":6,"column":37}},"type":"cond-expr","locations":[{"start":{"line":6,"column":30},"end":{"line":6,"column":32}},{"start":{"line":6,"column":30},"end":{"line":6,"column":37}}]},"1":{"loc":{"start":{"line":6,"column":22},"end":{"line":6,"column":32}},"type":"binary-expr","locations":[{"start":{"line":6,"column":22},"end":{"line":6,"column":32}},{"start":{"line":6,"column":30},"end":{"line":6,"column":32}}]},"2":{"loc":{"start":{"line":8,"column":4},"end":{"line":12,"column":5}},"type":"if","locations":[{"start":{"line":8,"column":4},"end":{"line":12,"column":5}}]},"3":{"loc":{"start":{"line":8,"column":8},"end":{"line":8,"column":78}},"type":"binary-expr","locations":[{"start":{"line":8,"column":8},"end":{"line":8,"column":18}},{"start":{"line":8,"column":22},"end":{"line":8,"column":78}}]}},"s":{"0":0,"1":0,"2":0,"3":0,"4":0,"5":0,"6":0},"f":{"0":0,"1":0,"2":0},"b":{"0":[0,0],"1":[0,0],"2":[0],"3":[0,0]}}
,"D:\\Kursus_IT\\Sanbercode\\repo-tugas\\tugas-testing\\src\\middlewares\\upload.middleware.ts": {"path":"D:\\Kursus_IT\\Sanbercode\\repo-tugas\\tugas-testing\\src\\middlewares\\upload.middleware.ts","statementMap":{"0":{"start":{"line":1,"column":0},"end":{"line":1,"column":28}},"1":{"start":{"line":3,"column":16},"end":{"line":3,"column":38}},"2":{"start":{"line":5,"column":15},"end":{"line":10,"column":2}},"3":{"start":{"line":12,"column":13},"end":{"line":12,"column":44}},"4":{"start":{"line":13,"column":13},"end":{"line":13,"column":50}},"5":{"start":{"line":15,"column":0},"end":{"line":18,"column":2}}},"fnMap":{},"branchMap":{},"s":{"0":0,"1":0,"2":0,"3":0,"4":0,"5":0},"f":{},"b":{}}
,"D:\\Kursus_IT\\Sanbercode\\repo-tugas\\tugas-testing\\src\\models\\categories.model.ts": {"path":"D:\\Kursus_IT\\Sanbercode\\repo-tugas\\tugas-testing\\src\\models\\categories.model.ts","statementMap":{"0":{"start":{"line":4,"column":0},"end":{"line":4,"column":43}},"1":{"start":{"line":13,"column":15},"end":{"line":13,"column":30}},"2":{"start":{"line":15,"column":25},"end":{"line":24,"column":null}},"3":{"start":{"line":27,"column":24},"end":{"line":27,"column":70}},"4":{"start":{"line":29,"column":0},"end":{"line":29,"column":31}}},"fnMap":{},"branchMap":{},"s":{"0":0,"1":0,"2":0,"3":0,"4":0},"f":{},"b":{}}
,"D:\\Kursus_IT\\Sanbercode\\repo-tugas\\tugas-testing\\src\\models\\products.model.ts": {"path":"D:\\Kursus_IT\\Sanbercode\\repo-tugas\\tugas-testing\\src\\models\\products.model.ts","statementMap":{"0":{"start":{"line":1,"column":0},"end":{"line":1,"column":43}},"1":{"start":{"line":15,"column":15},"end":{"line":15,"column":30}},"2":{"start":{"line":17,"column":23},"end":{"line":47,"column":null}},"3":{"start":{"line":50,"column":22},"end":{"line":50,"column":64}},"4":{"start":{"line":52,"column":0},"end":{"line":52,"column":29}}},"fnMap":{},"branchMap":{},"s":{"0":1,"1":1,"2":1,"3":1,"4":1},"f":{},"b":{}}
,"D:\\Kursus_IT\\Sanbercode\\repo-tugas\\tugas-testing\\src\\models\\user.model.ts": {"path":"D:\\Kursus_IT\\Sanbercode\\repo-tugas\\tugas-testing\\src\\models\\user.model.ts","statementMap":{"0":{"start":{"line":1,"column":0},"end":{"line":1,"column":32}},"1":{"start":{"line":2,"column":0},"end":{"line":2,"column":46}},"2":{"start":{"line":14,"column":15},"end":{"line":14,"column":30}},"3":{"start":{"line":16,"column":19},"end":{"line":48,"column":null}},"4":{"start":{"line":51,"column":0},"end":{"line":55,"column":3}},"5":{"start":{"line":52,"column":15},"end":{"line":52,"column":19}},"6":{"start":{"line":53,"column":2},"end":{"line":53,"column":41}},"7":{"start":{"line":54,"column":2},"end":{"line":54,"column":9}},"8":{"start":{"line":57,"column":0},"end":{"line":61,"column":3}},"9":{"start":{"line":58,"column":16},"end":{"line":58,"column":68}},"10":{"start":{"line":59,"column":2},"end":{"line":59,"column":41}},"11":{"start":{"line":60,"column":2},"end":{"line":60,"column":9}},"12":{"start":{"line":63,"column":0},"end":{"line":67,"column":2}},"13":{"start":{"line":64,"column":15},"end":{"line":64,"column":30}},"14":{"start":{"line":65,"column":2},"end":{"line":65,"column":23}},"15":{"start":{"line":66,"column":2},"end":{"line":66,"column":14}},"16":{"start":{"line":69,"column":18},"end":{"line":69,"column":52}},"17":{"start":{"line":71,"column":0},"end":{"line":71,"column":25}}},"fnMap":{"0":{"name":"(anonymous_8)","decl":{"start":{"line":51,"column":23},"end":{"line":51,"column":33}},"loc":{"start":{"line":51,"column":37},"end":{"line":55,"column":1}}},"1":{"name":"(anonymous_9)","decl":{"start":{"line":57,"column":28},"end":{"line":57,"column":44}},"loc":{"start":{"line":57,"column":48},"end":{"line":61,"column":2}}},"2":{"name":"(anonymous_11)","decl":{"start":{"line":63,"column":28},"end":{"line":63,"column":null}},"loc":{"start":{"line":63,"column":28},"end":{"line":67,"column":1}}}},"branchMap":{},"s":{"0":0,"1":0,"2":0,"3":0,"4":0,"5":0,"6":0,"7":0,"8":0,"9":0,"10":0,"11":0,"12":0,"13":0,"14":0,"15":0,"16":0,"17":0},"f":{"0":0,"1":0,"2":0},"b":{}}
,"D:\\Kursus_IT\\Sanbercode\\repo-tugas\\tugas-testing\\src\\routes\\api.ts": {"path":"D:\\Kursus_IT\\Sanbercode\\repo-tugas\\tugas-testing\\src\\routes\\api.ts","statementMap":{"0":{"start":{"line":1,"column":0},"end":{"line":1,"column":30}},"1":{"start":{"line":3,"column":0},"end":{"line":3,"column":64}},"2":{"start":{"line":4,"column":0},"end":{"line":4,"column":64}},"3":{"start":{"line":5,"column":0},"end":{"line":5,"column":68}},"4":{"start":{"line":6,"column":0},"end":{"line":6,"column":72}},"5":{"start":{"line":7,"column":0},"end":{"line":7,"column":60}},"6":{"start":{"line":8,"column":0},"end":{"line":8,"column":60}},"7":{"start":{"line":9,"column":0},"end":{"line":9,"column":60}},"8":{"start":{"line":11,"column":15},"end":{"line":11,"column":31}},"9":{"start":{"line":14,"column":0},"end":{"line":14,"column":56}},"10":{"start":{"line":15,"column":0},"end":{"line":15,"column":56}},"11":{"start":{"line":16,"column":0},"end":{"line":16,"column":60}},"12":{"start":{"line":17,"column":0},"end":{"line":17,"column":59}},"13":{"start":{"line":18,"column":0},"end":{"line":18,"column":62}},"14":{"start":{"line":22,"column":0},"end":{"line":22,"column":52}},"15":{"start":{"line":23,"column":0},"end":{"line":23,"column":52}},"16":{"start":{"line":24,"column":0},"end":{"line":24,"column":56}},"17":{"start":{"line":25,"column":0},"end":{"line":25,"column":55}},"18":{"start":{"line":26,"column":0},"end":{"line":26,"column":58}},"19":{"start":{"line":28,"column":0},"end":{"line":28,"column":73}},"20":{"start":{"line":29,"column":0},"end":{"line":29,"column":78}},"21":{"start":{"line":32,"column":0},"end":{"line":32,"column":49}},"22":{"start":{"line":33,"column":0},"end":{"line":33,"column":55}},"23":{"start":{"line":34,"column":0},"end":{"line":38,"column":4}},"24":{"start":{"line":39,"column":0},"end":{"line":39,"column":75}},"25":{"start":{"line":41,"column":0},"end":{"line":41,"column":22}}},"fnMap":{},"branchMap":{},"s":{"0":0,"1":0,"2":0,"3":0,"4":0,"5":0,"6":0,"7":0,"8":0,"9":0,"10":0,"11":0,"12":0,"13":0,"14":0,"15":0,"16":0,"17":0,"18":0,"19":0,"20":0,"21":0,"22":0,"23":0,"24":0,"25":0},"f":{},"b":{}}
,"D:\\Kursus_IT\\Sanbercode\\repo-tugas\\tugas-testing\\src\\services\\auth.service.ts": {"path":"D:\\Kursus_IT\\Sanbercode\\repo-tugas\\tugas-testing\\src\\services\\auth.service.ts","statementMap":{"0":{"start":{"line":2,"column":0},"end":{"line":2,"column":55}},"1":{"start":{"line":3,"column":0},"end":{"line":3,"column":46}},"2":{"start":{"line":4,"column":0},"end":{"line":4,"column":45}},"3":{"start":{"line":11,"column":21},"end":{"line":32,"column":2}},"4":{"start":{"line":11,"column":71},"end":{"line":32,"column":2}},"5":{"start":{"line":12,"column":30},"end":{"line":12,"column":37}},"6":{"start":{"line":13,"column":22},"end":{"line":15,"column":4}},"7":{"start":{"line":17,"column":2},"end":{"line":19,"column":3}},"8":{"start":{"line":18,"column":4},"end":{"line":18,"column":62}},"9":{"start":{"line":20,"column":36},"end":{"line":20,"column":78}},"10":{"start":{"line":22,"column":2},"end":{"line":24,"column":3}},"11":{"start":{"line":23,"column":4},"end":{"line":23,"column":65}},"12":{"start":{"line":26,"column":16},"end":{"line":29,"column":4}},"13":{"start":{"line":31,"column":2},"end":{"line":31,"column":15}},"14":{"start":{"line":11,"column":13},"end":{"line":11,"column":21}},"15":{"start":{"line":41,"column":24},"end":{"line":52,"column":2}},"16":{"start":{"line":41,"column":75},"end":{"line":52,"column":2}},"17":{"start":{"line":42,"column":57},"end":{"line":42,"column":64}},"18":{"start":{"line":43,"column":15},"end":{"line":49,"column":4}},"19":{"start":{"line":51,"column":2},"end":{"line":51,"column":14}},"20":{"start":{"line":41,"column":13},"end":{"line":41,"column":24}},"21":{"start":{"line":54,"column":18},"end":{"line":60,"column":2}},"22":{"start":{"line":54,"column":58},"end":{"line":60,"column":2}},"23":{"start":{"line":55,"column":15},"end":{"line":55,"column":47}},"24":{"start":{"line":56,"column":2},"end":{"line":58,"column":3}},"25":{"start":{"line":57,"column":4},"end":{"line":57,"column":55}},"26":{"start":{"line":59,"column":2},"end":{"line":59,"column":14}},"27":{"start":{"line":54,"column":13},"end":{"line":54,"column":18}},"28":{"start":{"line":61,"column":29},"end":{"line":75,"column":2}},"29":{"start":{"line":61,"column":78},"end":{"line":75,"column":2}},"30":{"start":{"line":62,"column":17},"end":{"line":69,"column":null}},"31":{"start":{"line":71,"column":2},"end":{"line":73,"column":3}},"32":{"start":{"line":72,"column":4},"end":{"line":72,"column":59}},"33":{"start":{"line":74,"column":2},"end":{"line":74,"column":16}},"34":{"start":{"line":61,"column":13},"end":{"line":61,"column":29}}},"fnMap":{"0":{"name":"(anonymous_8)","decl":{"start":{"line":11,"column":21},"end":{"line":11,"column":28}},"loc":{"start":{"line":11,"column":71},"end":{"line":32,"column":2}}},"1":{"name":"(anonymous_9)","decl":{"start":{"line":11,"column":71},"end":{"line":11,"column":null}},"loc":{"start":{"line":11,"column":71},"end":{"line":32,"column":1}}},"2":{"name":"(anonymous_10)","decl":{"start":{"line":41,"column":24},"end":{"line":41,"column":31}},"loc":{"start":{"line":41,"column":75},"end":{"line":52,"column":2}}},"3":{"name":"(anonymous_11)","decl":{"start":{"line":41,"column":75},"end":{"line":41,"column":null}},"loc":{"start":{"line":41,"column":75},"end":{"line":52,"column":1}}},"4":{"name":"(anonymous_12)","decl":{"start":{"line":54,"column":18},"end":{"line":54,"column":25}},"loc":{"start":{"line":54,"column":58},"end":{"line":60,"column":2}}},"5":{"name":"(anonymous_13)","decl":{"start":{"line":54,"column":58},"end":{"line":54,"column":null}},"loc":{"start":{"line":54,"column":58},"end":{"line":60,"column":1}}},"6":{"name":"(anonymous_14)","decl":{"start":{"line":61,"column":29},"end":{"line":61,"column":36}},"loc":{"start":{"line":61,"column":78},"end":{"line":75,"column":2}}},"7":{"name":"(anonymous_15)","decl":{"start":{"line":61,"column":78},"end":{"line":61,"column":null}},"loc":{"start":{"line":61,"column":78},"end":{"line":75,"column":1}}}},"branchMap":{"0":{"loc":{"start":{"line":17,"column":2},"end":{"line":19,"column":3}},"type":"if","locations":[{"start":{"line":17,"column":2},"end":{"line":19,"column":3}}]},"1":{"loc":{"start":{"line":22,"column":2},"end":{"line":24,"column":3}},"type":"if","locations":[{"start":{"line":22,"column":2},"end":{"line":24,"column":3}}]},"2":{"loc":{"start":{"line":56,"column":2},"end":{"line":58,"column":3}},"type":"if","locations":[{"start":{"line":56,"column":2},"end":{"line":58,"column":3}}]},"3":{"loc":{"start":{"line":71,"column":2},"end":{"line":73,"column":3}},"type":"if","locations":[{"start":{"line":71,"column":2},"end":{"line":73,"column":3}}]}},"s":{"0":0,"1":0,"2":0,"3":0,"4":0,"5":0,"6":0,"7":0,"8":0,"9":0,"10":0,"11":0,"12":0,"13":0,"14":0,"15":0,"16":0,"17":0,"18":0,"19":0,"20":0,"21":0,"22":0,"23":0,"24":0,"25":0,"26":0,"27":0,"28":0,"29":0,"30":0,"31":0,"32":0,"33":0,"34":0},"f":{"0":0,"1":0,"2":0,"3":0,"4":0,"5":0,"6":0,"7":0},"b":{"0":[0],"1":[0],"2":[0],"3":[0]}}
,"D:\\Kursus_IT\\Sanbercode\\repo-tugas\\tugas-testing\\src\\services\\categories.service.ts": {"path":"D:\\Kursus_IT\\Sanbercode\\repo-tugas\\tugas-testing\\src\\services\\categories.service.ts","statementMap":{"0":{"start":{"line":1,"column":0},"end":{"line":1,"column":71}},"1":{"start":{"line":3,"column":22},"end":{"line":6,"column":2}},"2":{"start":{"line":3,"column":69},"end":{"line":6,"column":2}},"3":{"start":{"line":4,"column":17},"end":{"line":4,"column":54}},"4":{"start":{"line":5,"column":2},"end":{"line":5,"column":16}},"5":{"start":{"line":3,"column":13},"end":{"line":3,"column":22}},"6":{"start":{"line":7,"column":23},"end":{"line":10,"column":2}},"7":{"start":{"line":7,"column":55},"end":{"line":10,"column":2}},"8":{"start":{"line":8,"column":17},"end":{"line":8,"column":45}},"9":{"start":{"line":9,"column":2},"end":{"line":9,"column":16}},"10":{"start":{"line":7,"column":13},"end":{"line":7,"column":23}},"11":{"start":{"line":11,"column":23},"end":{"line":14,"column":2}},"12":{"start":{"line":11,"column":70},"end":{"line":14,"column":2}},"13":{"start":{"line":12,"column":17},"end":{"line":12,"column":51}},"14":{"start":{"line":13,"column":2},"end":{"line":13,"column":16}},"15":{"start":{"line":11,"column":13},"end":{"line":11,"column":23}},"16":{"start":{"line":15,"column":22},"end":{"line":23,"column":2}},"17":{"start":{"line":18,"column":30},"end":{"line":23,"column":2}},"18":{"start":{"line":19,"column":17},"end":{"line":21,"column":4}},"19":{"start":{"line":22,"column":2},"end":{"line":22,"column":16}},"20":{"start":{"line":15,"column":13},"end":{"line":15,"column":22}},"21":{"start":{"line":24,"column":22},"end":{"line":29,"column":2}},"22":{"start":{"line":24,"column":69},"end":{"line":29,"column":2}},"23":{"start":{"line":25,"column":17},"end":{"line":27,"column":4}},"24":{"start":{"line":28,"column":2},"end":{"line":28,"column":16}},"25":{"start":{"line":24,"column":13},"end":{"line":24,"column":22}}},"fnMap":{"0":{"name":"(anonymous_8)","decl":{"start":{"line":3,"column":22},"end":{"line":3,"column":29}},"loc":{"start":{"line":3,"column":69},"end":{"line":6,"column":2}}},"1":{"name":"(anonymous_9)","decl":{"start":{"line":3,"column":69},"end":{"line":3,"column":null}},"loc":{"start":{"line":3,"column":69},"end":{"line":6,"column":1}}},"2":{"name":"(anonymous_10)","decl":{"start":{"line":7,"column":23},"end":{"line":7,"column":53}},"loc":{"start":{"line":7,"column":55},"end":{"line":10,"column":2}}},"3":{"name":"(anonymous_11)","decl":{"start":{"line":7,"column":55},"end":{"line":7,"column":null}},"loc":{"start":{"line":7,"column":55},"end":{"line":10,"column":1}}},"4":{"name":"(anonymous_12)","decl":{"start":{"line":11,"column":23},"end":{"line":11,"column":30}},"loc":{"start":{"line":11,"column":70},"end":{"line":14,"column":2}}},"5":{"name":"(anonymous_13)","decl":{"start":{"line":11,"column":70},"end":{"line":11,"column":null}},"loc":{"start":{"line":11,"column":70},"end":{"line":14,"column":1}}},"6":{"name":"(anonymous_14)","decl":{"start":{"line":15,"column":22},"end":{"line":15,"column":null}},"loc":{"start":{"line":18,"column":30},"end":{"line":23,"column":2}}},"7":{"name":"(anonymous_15)","decl":{"start":{"line":18,"column":30},"end":{"line":18,"column":null}},"loc":{"start":{"line":18,"column":30},"end":{"line":23,"column":1}}},"8":{"name":"(anonymous_16)","decl":{"start":{"line":24,"column":22},"end":{"line":24,"column":29}},"loc":{"start":{"line":24,"column":69},"end":{"line":29,"column":2}}},"9":{"name":"(anonymous_17)","decl":{"start":{"line":24,"column":69},"end":{"line":24,"column":null}},"loc":{"start":{"line":24,"column":69},"end":{"line":29,"column":1}}}},"branchMap":{},"s":{"0":0,"1":0,"2":0,"3":0,"4":0,"5":0,"6":0,"7":0,"8":0,"9":0,"10":0,"11":0,"12":0,"13":0,"14":0,"15":0,"16":0,"17":0,"18":0,"19":0,"20":0,"21":0,"22":0,"23":0,"24":0,"25":0},"f":{"0":0,"1":0,"2":0,"3":0,"4":0,"5":0,"6":0,"7":0,"8":0,"9":0},"b":{}}
,"D:\\Kursus_IT\\Sanbercode\\repo-tugas\\tugas-testing\\src\\services\\product.service.ts": {"path":"D:\\Kursus_IT\\Sanbercode\\repo-tugas\\tugas-testing\\src\\services\\product.service.ts","statementMap":{"0":{"start":{"line":5,"column":0},"end":{"line":5,"column":66}},"1":{"start":{"line":7,"column":22},"end":{"line":10,"column":2}},"2":{"start":{"line":7,"column":67},"end":{"line":10,"column":2}},"3":{"start":{"line":8,"column":17},"end":{"line":8,"column":52}},"4":{"start":{"line":9,"column":2},"end":{"line":9,"column":16}},"5":{"start":{"line":7,"column":13},"end":{"line":7,"column":22}},"6":{"start":{"line":11,"column":23},"end":{"line":14,"column":2}},"7":{"start":{"line":11,"column":54},"end":{"line":14,"column":2}},"8":{"start":{"line":12,"column":17},"end":{"line":12,"column":43}},"9":{"start":{"line":13,"column":2},"end":{"line":13,"column":16}},"10":{"start":{"line":11,"column":13},"end":{"line":11,"column":23}},"11":{"start":{"line":15,"column":23},"end":{"line":18,"column":2}},"12":{"start":{"line":15,"column":69},"end":{"line":18,"column":2}},"13":{"start":{"line":16,"column":17},"end":{"line":16,"column":49}},"14":{"start":{"line":17,"column":2},"end":{"line":17,"column":16}},"15":{"start":{"line":15,"column":13},"end":{"line":15,"column":23}},"16":{"start":{"line":19,"column":22},"end":{"line":27,"column":2}},"17":{"start":{"line":22,"column":29},"end":{"line":27,"column":2}},"18":{"start":{"line":23,"column":17},"end":{"line":25,"column":4}},"19":{"start":{"line":26,"column":2},"end":{"line":26,"column":16}},"20":{"start":{"line":19,"column":13},"end":{"line":19,"column":22}},"21":{"start":{"line":28,"column":22},"end":{"line":33,"column":2}},"22":{"start":{"line":28,"column":68},"end":{"line":33,"column":2}},"23":{"start":{"line":29,"column":17},"end":{"line":31,"column":4}},"24":{"start":{"line":32,"column":2},"end":{"line":32,"column":16}},"25":{"start":{"line":28,"column":13},"end":{"line":28,"column":22}}},"fnMap":{"0":{"name":"(anonymous_8)","decl":{"start":{"line":7,"column":22},"end":{"line":7,"column":29}},"loc":{"start":{"line":7,"column":67},"end":{"line":10,"column":2}}},"1":{"name":"(anonymous_9)","decl":{"start":{"line":7,"column":67},"end":{"line":7,"column":null}},"loc":{"start":{"line":7,"column":67},"end":{"line":10,"column":1}}},"2":{"name":"(anonymous_10)","decl":{"start":{"line":11,"column":23},"end":{"line":11,"column":52}},"loc":{"start":{"line":11,"column":54},"end":{"line":14,"column":2}}},"3":{"name":"(anonymous_11)","decl":{"start":{"line":11,"column":54},"end":{"line":11,"column":null}},"loc":{"start":{"line":11,"column":54},"end":{"line":14,"column":1}}},"4":{"name":"(anonymous_12)","decl":{"start":{"line":15,"column":23},"end":{"line":15,"column":30}},"loc":{"start":{"line":15,"column":69},"end":{"line":18,"column":2}}},"5":{"name":"(anonymous_13)","decl":{"start":{"line":15,"column":69},"end":{"line":15,"column":null}},"loc":{"start":{"line":15,"column":69},"end":{"line":18,"column":1}}},"6":{"name":"(anonymous_14)","decl":{"start":{"line":19,"column":22},"end":{"line":19,"column":null}},"loc":{"start":{"line":22,"column":29},"end":{"line":27,"column":2}}},"7":{"name":"(anonymous_15)","decl":{"start":{"line":22,"column":29},"end":{"line":22,"column":null}},"loc":{"start":{"line":22,"column":29},"end":{"line":27,"column":1}}},"8":{"name":"(anonymous_16)","decl":{"start":{"line":28,"column":22},"end":{"line":28,"column":29}},"loc":{"start":{"line":28,"column":68},"end":{"line":33,"column":2}}},"9":{"name":"(anonymous_17)","decl":{"start":{"line":28,"column":68},"end":{"line":28,"column":null}},"loc":{"start":{"line":28,"column":68},"end":{"line":33,"column":1}}}},"branchMap":{},"s":{"0":1,"1":1,"2":1,"3":1,"4":1,"5":1,"6":1,"7":1,"8":1,"9":1,"10":1,"11":1,"12":1,"13":1,"14":1,"15":1,"16":1,"17":1,"18":1,"19":1,"20":1,"21":1,"22":1,"23":1,"24":1,"25":1},"f":{"0":1,"1":1,"2":1,"3":1,"4":1,"5":1,"6":1,"7":1,"8":1,"9":1},"b":{}}
,"D:\\Kursus_IT\\Sanbercode\\repo-tugas\\tugas-testing\\src\\utils\\cloudinary.ts": {"path":"D:\\Kursus_IT\\Sanbercode\\repo-tugas\\tugas-testing\\src\\utils\\cloudinary.ts","statementMap":{"0":{"start":{"line":1,"column":0},"end":{"line":1,"column":46}},"1":{"start":{"line":2,"column":0},"end":{"line":2,"column":null}},"2":{"start":{"line":8,"column":0},"end":{"line":12,"column":3}},"3":{"start":{"line":14,"column":28},"end":{"line":30,"column":2}},"4":{"start":{"line":14,"column":51},"end":{"line":30,"column":2}},"5":{"start":{"line":15,"column":2},"end":{"line":29,"column":5}},"6":{"start":{"line":16,"column":4},"end":{"line":28,"column":6}},"7":{"start":{"line":22,"column":8},"end":{"line":26,"column":9}},"8":{"start":{"line":23,"column":10},"end":{"line":23,"column":24}},"9":{"start":{"line":25,"column":10},"end":{"line":25,"column":26}},"10":{"start":{"line":14,"column":13},"end":{"line":14,"column":28}},"11":{"start":{"line":32,"column":0},"end":{"line":32,"column":26}}},"fnMap":{"0":{"name":"(anonymous_7)","decl":{"start":{"line":14,"column":28},"end":{"line":14,"column":35}},"loc":{"start":{"line":14,"column":51},"end":{"line":30,"column":2}}},"1":{"name":"(anonymous_8)","decl":{"start":{"line":14,"column":51},"end":{"line":14,"column":null}},"loc":{"start":{"line":14,"column":51},"end":{"line":30,"column":1}}},"2":{"name":"(anonymous_9)","decl":{"start":{"line":15,"column":21},"end":{"line":15,"column":22}},"loc":{"start":{"line":15,"column":41},"end":{"line":29,"column":3}}},"3":{"name":"(anonymous_10)","decl":{"start":{"line":21,"column":6},"end":{"line":21,"column":7}},"loc":{"start":{"line":21,"column":24},"end":{"line":27,"column":7}}}},"branchMap":{"0":{"loc":{"start":{"line":22,"column":8},"end":{"line":26,"column":9}},"type":"if","locations":[{"start":{"line":22,"column":8},"end":{"line":26,"column":9}},{"start":{"line":24,"column":15},"end":{"line":26,"column":9}}]}},"s":{"0":0,"1":0,"2":0,"3":0,"4":0,"5":0,"6":0,"7":0,"8":0,"9":0,"10":0,"11":0},"f":{"0":0,"1":0,"2":0,"3":0},"b":{"0":[0,0]}}
,"D:\\Kursus_IT\\Sanbercode\\repo-tugas\\tugas-testing\\src\\utils\\database.ts": {"path":"D:\\Kursus_IT\\Sanbercode\\repo-tugas\\tugas-testing\\src\\utils\\database.ts","statementMap":{"0":{"start":{"line":4,"column":0},"end":{"line":4,"column":32}},"1":{"start":{"line":5,"column":0},"end":{"line":5,"column":37}},"2":{"start":{"line":7,"column":16},"end":{"line":16,"column":2}},"3":{"start":{"line":7,"column":27},"end":{"line":16,"column":2}},"4":{"start":{"line":8,"column":2},"end":{"line":15,"column":3}},"5":{"start":{"line":9,"column":4},"end":{"line":11,"column":7}},"6":{"start":{"line":12,"column":4},"end":{"line":12,"column":32}},"7":{"start":{"line":14,"column":4},"end":{"line":14,"column":17}},"8":{"start":{"line":18,"column":0},"end":{"line":18,"column":23}}},"fnMap":{"0":{"name":"(anonymous_8)","decl":{"start":{"line":7,"column":16},"end":{"line":7,"column":25}},"loc":{"start":{"line":7,"column":27},"end":{"line":16,"column":2}}},"1":{"name":"(anonymous_9)","decl":{"start":{"line":7,"column":27},"end":{"line":7,"column":null}},"loc":{"start":{"line":7,"column":27},"end":{"line":16,"column":1}}}},"branchMap":{},"s":{"0":0,"1":0,"2":0,"3":0,"4":0,"5":0,"6":0,"7":0,"8":0},"f":{"0":0,"1":0},"b":{}}
,"D:\\Kursus_IT\\Sanbercode\\repo-tugas\\tugas-testing\\src\\utils\\encode.ts": {"path":"D:\\Kursus_IT\\Sanbercode\\repo-tugas\\tugas-testing\\src\\utils\\encode.ts","statementMap":{"0":{"start":{"line":1,"column":25},"end":{"line":5,"column":1}},"1":{"start":{"line":2,"column":14},"end":{"line":2,"column":57}},"2":{"start":{"line":3,"column":16},"end":{"line":3,"column":58}},"3":{"start":{"line":4,"column":2},"end":{"line":4,"column":17}},"4":{"start":{"line":1,"column":13},"end":{"line":1,"column":25}}},"fnMap":{"0":{"name":"(anonymous_0)","decl":{"start":{"line":1,"column":25},"end":{"line":1,"column":26}},"loc":{"start":{"line":1,"column":55},"end":{"line":5,"column":1}}}},"branchMap":{},"s":{"0":0,"1":0,"2":0,"3":0,"4":0},"f":{"0":0},"b":{}}
,"D:\\Kursus_IT\\Sanbercode\\repo-tugas\\tugas-testing\\src\\utils\\encryption.ts": {"path":"D:\\Kursus_IT\\Sanbercode\\repo-tugas\\tugas-testing\\src\\utils\\encryption.ts","statementMap":{"0":{"start":{"line":1,"column":0},"end":{"line":1,"column":28}},"1":{"start":{"line":2,"column":0},"end":{"line":2,"column":31}},"2":{"start":{"line":4,"column":23},"end":{"line":9,"column":1}},"3":{"start":{"line":5,"column":20},"end":{"line":7,"column":20}},"4":{"start":{"line":8,"column":2},"end":{"line":8,"column":19}},"5":{"start":{"line":4,"column":13},"end":{"line":4,"column":23}}},"fnMap":{"0":{"name":"(anonymous_1)","decl":{"start":{"line":4,"column":23},"end":{"line":4,"column":24}},"loc":{"start":{"line":4,"column":52},"end":{"line":9,"column":1}}}},"branchMap":{},"s":{"0":0,"1":0,"2":0,"3":0,"4":0,"5":0},"f":{"0":0},"b":{}}
,"D:\\Kursus_IT\\Sanbercode\\repo-tugas\\tugas-testing\\src\\utils\\env.ts": {"path":"D:\\Kursus_IT\\Sanbercode\\repo-tugas\\tugas-testing\\src\\utils\\env.ts","statementMap":{"0":{"start":{"line":1,"column":0},"end":{"line":1,"column":28}},"1":{"start":{"line":3,"column":0},"end":{"line":3,"column":16}},"2":{"start":{"line":5,"column":13},"end":{"line":5,"column":79}},"3":{"start":{"line":6,"column":13},"end":{"line":6,"column":85}},"4":{"start":{"line":7,"column":13},"end":{"line":7,"column":85}},"5":{"start":{"line":8,"column":13},"end":{"line":8,"column":67}},"6":{"start":{"line":9,"column":13},"end":{"line":9,"column":55}}},"fnMap":{},"branchMap":{"0":{"loc":{"start":{"line":5,"column":42},"end":{"line":5,"column":78}},"type":"binary-expr","locations":[{"start":{"line":5,"column":42},"end":{"line":5,"column":72}},{"start":{"line":5,"column":76},"end":{"line":5,"column":78}}]},"1":{"loc":{"start":{"line":6,"column":45},"end":{"line":6,"column":84}},"type":"binary-expr","locations":[{"start":{"line":6,"column":45},"end":{"line":6,"column":78}},{"start":{"line":6,"column":82},"end":{"line":6,"column":84}}]},"2":{"loc":{"start":{"line":7,"column":45},"end":{"line":7,"column":84}},"type":"binary-expr","locations":[{"start":{"line":7,"column":45},"end":{"line":7,"column":78}},{"start":{"line":7,"column":82},"end":{"line":7,"column":84}}]},"3":{"loc":{"start":{"line":8,"column":36},"end":{"line":8,"column":66}},"type":"binary-expr","locations":[{"start":{"line":8,"column":36},"end":{"line":8,"column":60}},{"start":{"line":8,"column":64},"end":{"line":8,"column":66}}]},"4":{"loc":{"start":{"line":9,"column":30},"end":{"line":9,"column":54}},"type":"binary-expr","locations":[{"start":{"line":9,"column":30},"end":{"line":9,"column":48}},{"start":{"line":9,"column":52},"end":{"line":9,"column":54}}]}},"s":{"0":0,"1":0,"2":0,"3":0,"4":0,"5":0,"6":0},"f":{},"b":{"0":[0,0],"1":[0,0],"2":[0,0],"3":[0,0],"4":[0,0]}}
,"D:\\Kursus_IT\\Sanbercode\\repo-tugas\\tugas-testing\\src\\utils\\jwt.ts": {"path":"D:\\Kursus_IT\\Sanbercode\\repo-tugas\\tugas-testing\\src\\utils\\jwt.ts","statementMap":{"0":{"start":{"line":1,"column":0},"end":{"line":1,"column":31}},"1":{"start":{"line":2,"column":0},"end":{"line":2,"column":31}},"2":{"start":{"line":10,"column":29},"end":{"line":14,"column":1}},"3":{"start":{"line":11,"column":2},"end":{"line":13,"column":5}},"4":{"start":{"line":10,"column":13},"end":{"line":10,"column":29}},"5":{"start":{"line":17,"column":27},"end":{"line":25,"column":1}},"6":{"start":{"line":18,"column":2},"end":{"line":24,"column":3}},"7":{"start":{"line":19,"column":20},"end":{"line":19,"column":59}},"8":{"start":{"line":20,"column":4},"end":{"line":20,"column":19}},"9":{"start":{"line":22,"column":4},"end":{"line":22,"column":41}},"10":{"start":{"line":23,"column":4},"end":{"line":23,"column":16}},"11":{"start":{"line":17,"column":13},"end":{"line":17,"column":27}}},"fnMap":{"0":{"name":"(anonymous_1)","decl":{"start":{"line":10,"column":29},"end":{"line":10,"column":30}},"loc":{"start":{"line":10,"column":61},"end":{"line":14,"column":1}}},"1":{"name":"(anonymous_2)","decl":{"start":{"line":17,"column":27},"end":{"line":17,"column":28}},"loc":{"start":{"line":17,"column":64},"end":{"line":25,"column":1}}}},"branchMap":{},"s":{"0":0,"1":0,"2":0,"3":0,"4":0,"5":0,"6":0,"7":0,"8":0,"9":0,"10":0,"11":0},"f":{"0":0,"1":0},"b":{}}
}
